#
# There is insufficient memory for the Java Runtime Environment to continue.
# Native memory allocation (malloc) failed to allocate 876976 bytes for Chunk::new
# Possible reasons:
#   The system is out of physical RAM or swap space
#   In 32 bit mode, the process size limit was hit
# Possible solutions:
#   Reduce memory load on the system
#   Increase physical memory or swap space
#   Check if swap backing store is full
#   Use 64 bit Java on a 64 bit OS
#   Decrease Java heap size (-Xmx/-Xms)
#   Decrease number of Java threads
#   Decrease Java thread stack sizes (-Xss)
#   Set larger code cache with -XX:ReservedCodeCacheSize=
# This output file may be truncated or incomplete.
#
#  Out of Memory Error (allocation.cpp:390), pid=3900, tid=0x0000000000004570
#
# JRE version: OpenJDK Runtime Environment (8.0_152-b01) (build 1.8.0_152-release-1248-b01)
# Java VM: OpenJDK 64-Bit Server VM (25.152-b01 mixed mode windows-amd64 compressed oops)
# Failed to write core dump. Minidumps are not enabled by default on client versions of Windows
#

---------------  T H R E A D  ---------------

Current thread (0x0000000017fd9000):  JavaThread "C2 CompilerThread1" daemon [_thread_in_native, id=17776, stack(0x0000000018680000,0x0000000018780000)]

Stack: [0x0000000018680000,0x0000000018780000]
[error occurred during error reporting (printing stack bounds), id 0xc0000005]

Native frames: (J=compiled Java code, j=interpreted, Vv=VM code, C=native code)


Current CompileTask:
C2:1865382 16010       4       com.android.tools.r8.org.objectweb.asm.ClassReader::readField (667 bytes)


---------------  P R O C E S S  ---------------

Java Threads: ( => current thread )
  0x000000001dd60000 JavaThread "ForkJoinPool.commonPool-worker-0" daemon [_thread_blocked, id=12676, stack(0x0000000024ec0000,0x0000000024fc0000)]
  0x000000001dd6a800 JavaThread "Cache worker for Java compile cache (F:\andstudy\.gradle\4.10.1\javaCompile)" [_thread_blocked, id=23008, stack(0x0000000025a10000,0x0000000025b10000)]
  0x000000001dd63000 JavaThread "Cache worker for Java compile cache (C:\Users\zhaodsh\.gradle\caches\4.10.1\javaCompile)" [_thread_blocked, id=20992, stack(0x0000000024dc0000,0x0000000024ec0000)]
  0x000000001dd69000 JavaThread "stdout" daemon [_thread_in_native, id=18872, stack(0x00000000255c0000,0x00000000256c0000)]
  0x000000001dd69800 JavaThread "stderr" daemon [_thread_in_native, id=14852, stack(0x00000000254c0000,0x00000000255c0000)]
  0x000000001dd66800 JavaThread "stdout" daemon [_thread_in_native, id=11228, stack(0x00000000253c0000,0x00000000254c0000)]
  0x000000001dd6d800 JavaThread "stderr" daemon [_thread_in_native, id=14744, stack(0x00000000252c0000,0x00000000253c0000)]
  0x000000001dd6d000 JavaThread "stdout" daemon [_thread_in_native, id=19716, stack(0x00000000251c0000,0x00000000252c0000)]
  0x000000001dd6c000 JavaThread "stderr" daemon [_thread_in_native, id=18596, stack(0x00000000250c0000,0x00000000251c0000)]
  0x000000001dd6b800 JavaThread "pool-3-thread-1" [_thread_blocked, id=9644, stack(0x0000000024fc0000,0x00000000250c0000)]
  0x000000001dd64800 JavaThread "ForkJoinPool.commonPool-worker-1" daemon [_thread_in_vm, id=16664, stack(0x0000000024cc0000,0x0000000024dc0000)]
  0x000000001dd63800 JavaThread "Cache worker for Build Output Cleanup Cache (F:\andstudy\.gradle\buildOutputCleanup)" [_thread_blocked, id=7272, stack(0x0000000024ac0000,0x0000000024bc0000)]
  0x000000001dd62000 JavaThread "Cache worker for task history cache (F:\andstudy\.gradle\4.10.1\taskHistory)" [_thread_blocked, id=24372, stack(0x00000000249c0000,0x0000000024ac0000)]
  0x000000001dd60800 JavaThread "Task worker for ':' Thread 3" [_thread_in_Java, id=20388, stack(0x00000000248c0000,0x00000000249c0000)]
  0x000000001dd65000 JavaThread "Task worker for ':' Thread 2" [_thread_blocked, id=13620, stack(0x00000000247c0000,0x00000000248c0000)]
  0x000000001b258000 JavaThread "Task worker for ':'" [_thread_blocked, id=10124, stack(0x00000000246c0000,0x00000000247c0000)]
  0x000000001b25b800 JavaThread "Cache worker for file content cache (F:\andstudy\.gradle\4.10.1\fileContent)" [_thread_blocked, id=22796, stack(0x00000000245c0000,0x00000000246c0000)]
  0x000000001cb2c800 JavaThread "Build operations Thread 4" [_thread_blocked, id=16652, stack(0x00000000223f0000,0x00000000224f0000)]
  0x000000001cb27000 JavaThread "Build operations Thread 3" [_thread_blocked, id=22536, stack(0x000000001f8e0000,0x000000001f9e0000)]
  0x000000001cb26000 JavaThread "Build operations Thread 2" [_thread_blocked, id=22144, stack(0x000000001f7e0000,0x000000001f8e0000)]
  0x000000001cb25800 JavaThread "Build operations" [_thread_blocked, id=12508, stack(0x000000001f6e0000,0x000000001f7e0000)]
  0x000000001cb2a000 JavaThread "Cache worker for cache directory md-rule (C:\Users\zhaodsh\.gradle\caches\4.10.1\md-rule)" [_thread_blocked, id=19244, stack(0x000000001f5e0000,0x000000001f6e0000)]
  0x000000001cb2a800 JavaThread "Cache worker for cache directory md-supplier (C:\Users\zhaodsh\.gradle\caches\4.10.1\md-supplier)" [_thread_blocked, id=20160, stack(0x000000001f1e0000,0x000000001f2e0000)]
  0x000000001cb29000 JavaThread "Cache worker for file hash cache (F:\andstudy\.gradle\4.10.1\fileHashes)" [_thread_blocked, id=21092, stack(0x000000001d630000,0x000000001d730000)]
  0x000000001cb27800 JavaThread "Stdin handler" [_thread_blocked, id=15024, stack(0x000000001ac00000,0x000000001ad00000)]
  0x000000001cb1e000 JavaThread "Asynchronous log dispatcher for DefaultDaemonConnection: socket connection from /127.0.0.1:59515 to /127.0.0.1:62266" [_thread_blocked, id=9452, stack(0x000000001ab00000,0x000000001ac00000)]
  0x000000001cb24800 JavaThread "Cancel handler" [_thread_blocked, id=9664, stack(0x000000001a700000,0x000000001a800000)]
  0x000000001cb21000 JavaThread "Handler for socket connection from /127.0.0.1:59515 to /127.0.0.1:62266" [_thread_in_native, id=10148, stack(0x0000000002fc0000,0x00000000030c0000)]
  0x000000001cb1e800 JavaThread "Daemon worker Thread 4" [_thread_in_Java, id=24400, stack(0x000000001a800000,0x000000001a900000)]
  0x000000001cb1d000 JavaThread "Daemon Thread 4" [_thread_blocked, id=10664, stack(0x00000000012c0000,0x00000000013c0000)]
  0x000000001cb20000 JavaThread "pool-1-thread-1" [_thread_blocked, id=21028, stack(0x000000001d740000,0x000000001d840000)]
  0x000000001cb1f800 JavaThread "Cache worker for file content cache (C:\Users\zhaodsh\.gradle\caches\4.10.1\fileContent)" [_thread_blocked, id=19132, stack(0x00000000222f0000,0x00000000223f0000)]
  0x000000001cb24000 JavaThread "Memory manager" [_thread_blocked, id=2032, stack(0x00000000221f0000,0x00000000222f0000)]
  0x000000001b25a000 JavaThread "Cache worker for Artifact transforms cache (C:\Users\zhaodsh\.gradle\caches\transforms-1)" [_thread_blocked, id=21588, stack(0x000000001f2e0000,0x000000001f3e0000)]
  0x000000001b257000 JavaThread "Cache worker for journal cache (C:\Users\zhaodsh\.gradle\caches\journal-1)" [_thread_blocked, id=20460, stack(0x000000001d530000,0x000000001d630000)]
  0x000000001b184000 JavaThread "File lock request listener" [_thread_in_native, id=24016, stack(0x000000001c1d0000,0x000000001c2d0000)]
  0x0000000018e3a800 JavaThread "Cache worker for file hash cache (C:\Users\zhaodsh\.gradle\caches\4.10.1\fileHashes)" [_thread_blocked, id=15404, stack(0x000000001c0d0000,0x000000001c1d0000)]
  0x00000000190a3800 JavaThread "Daemon periodic checks" [_thread_blocked, id=22128, stack(0x000000001a600000,0x000000001a700000)]
  0x000000001909f000 JavaThread "Incoming local TCP Connector on port 59515" [_thread_in_native, id=20092, stack(0x000000001a450000,0x000000001a550000)]
  0x0000000017fe1000 JavaThread "Service Thread" daemon [_thread_blocked, id=23956, stack(0x0000000018880000,0x0000000018980000)]
  0x0000000017fdc800 JavaThread "C1 CompilerThread2" daemon [_thread_in_native, id=20148, stack(0x0000000018780000,0x0000000018880000)]
=>0x0000000017fd9000 JavaThread "C2 CompilerThread1" daemon [_thread_in_native, id=17776, stack(0x0000000018680000,0x0000000018780000)]
  0x0000000016c89800 JavaThread "C2 CompilerThread0" daemon [_thread_in_native, id=17300, stack(0x0000000018580000,0x0000000018680000)]
  0x0000000016c27000 JavaThread "Attach Listener" daemon [_thread_blocked, id=19760, stack(0x0000000018480000,0x0000000018580000)]
  0x0000000016c44000 JavaThread "Signal Dispatcher" daemon [_thread_blocked, id=16852, stack(0x0000000018380000,0x0000000018480000)]
  0x00000000032bc000 JavaThread "Finalizer" daemon [_thread_blocked, id=11204, stack(0x0000000017e80000,0x0000000017f80000)]
  0x0000000016bf8000 JavaThread "Reference Handler" daemon [_thread_blocked, id=24408, stack(0x0000000017d80000,0x0000000017e80000)]
  0x0000000002c1e800 JavaThread "main" [_thread_blocked, id=20412, stack(0x00000000030c0000,0x00000000031c0000)]

Other Threads:
  0x0000000016bf6800 VMThread [stack: 0x0000000017c80000,0x0000000017d80000] [id=21084]
  0x0000000017fe2000 WatcherThread [stack: 0x0000000018980000,0x0000000018a80000] [id=7716]

VM state:not at safepoint (normal execution)

VM Mutex/Monitor currently owned by a thread: None

Heap:
 PSYoungGen      total 181248K, used 27402K [0x00000000e0000000, 0x00000000ee280000, 0x0000000100000000)
  eden space 175616K, 12% used [0x00000000e0000000,0x00000000e1546a58,0x00000000eab80000)
  from space 5632K, 99% used [0x00000000ed680000,0x00000000edbfc010,0x00000000edc00000)
  to   space 28160K, 0% used [0x00000000eab80000,0x00000000eab80000,0x00000000ec700000)
 ParOldGen       total 215040K, used 57583K [0x00000000a0000000, 0x00000000ad200000, 0x00000000e0000000)
  object space 215040K, 26% used [0x00000000a0000000,0x00000000a383be28,0x00000000ad200000)
 Metaspace       used 90147K, capacity 93214K, committed 93440K, reserved 1130496K
  class space    used 11476K, capacity 12164K, committed 12288K, reserved 1048576K

Card table byte_map: [0x0000000012680000,0x0000000012990000] byte_map_base: 0x0000000012180000

Marking Bits: (ParMarkBitMap*) 0x0000000052b15aa0
 Begin Bits: [0x0000000012f90000, 0x0000000014790000)
 End Bits:   [0x0000000014790000, 0x0000000015f90000)

Polling page: 0x0000000001030000

CodeCache: size=245760Kb used=45761Kb max_used=45761Kb free=199998Kb
 bounds [0x00000000032c0000, 0x0000000005fb0000, 0x00000000122c0000]
 total_blobs=14787 nmethods=13887 adapters=810
 compilation: enabled

Compilation events (10 events):
Event: 1865.375 Thread 0x0000000017fdc800 nmethod 16156 0x0000000005f948d0 code [0x0000000005f94a40, 0x0000000005f94c68]
Event: 1865.375 Thread 0x0000000017fdc800 16153       3       com.android.tools.r8.graph.DexMethod::getArity (11 bytes)
Event: 1865.375 Thread 0x0000000017fdc800 nmethod 16153 0x0000000005f94d50 code [0x0000000005f94ec0, 0x0000000005f95090]
Event: 1865.375 Thread 0x0000000017fdc800 16157       3       com.android.tools.r8.ir.code.Value::replaceUserInDebugData (93 bytes)
Event: 1865.375 Thread 0x0000000017fdc800 nmethod 16157 0x0000000005f951d0 code [0x0000000005f95400, 0x0000000005f963c8]
Event: 1865.375 Thread 0x0000000017fdc800 16160       1       com.android.tools.r8.ir.analysis.constant.Bottom::meet (2 bytes)
Event: 1865.376 Thread 0x0000000017fdc800 nmethod 16160 0x0000000005f96990 code [0x0000000005f96ae0, 0x0000000005f96bf0]
Event: 1865.376 Thread 0x0000000017fdc800 16158       3       com.android.tools.r8.ir.conversion.IRBuilder::insertDebugPositions (247 bytes)
Event: 1865.377 Thread 0x0000000017fdc800 nmethod 16158 0x0000000005f96c50 code [0x0000000005f96fe0, 0x0000000005f98ec8]
Event: 1865.377 Thread 0x0000000017fdc800 16163       3       com.android.tools.r8.ir.regalloc.LinearScanRegisterAllocator::performLinearScan (922 bytes)

GC Heap History (10 events):
Event: 265.197 GC heap before
{Heap before GC invocations=13 (full 3):
 PSYoungGen      total 182272K, used 163840K [0x00000000e0000000, 0x00000000f0080000, 0x0000000100000000)
  eden space 163840K, 100% used [0x00000000e0000000,0x00000000ea000000,0x00000000ea000000)
  from space 18432K, 0% used [0x00000000ea000000,0x00000000ea000000,0x00000000eb200000)
  to   space 20480K, 0% used [0x00000000eec80000,0x00000000eec80000,0x00000000f0080000)
 ParOldGen       total 215040K, used 32300K [0x00000000a0000000, 0x00000000ad200000, 0x00000000e0000000)
  object space 215040K, 15% used [0x00000000a0000000,0x00000000a1f8b328,0x00000000ad200000)
 Metaspace       used 63486K, capacity 65312K, committed 65536K, reserved 1105920K
  class space    used 8467K, capacity 8929K, committed 8960K, reserved 1048576K
Event: 265.325 GC heap after
Heap after GC invocations=13 (full 3):
 PSYoungGen      total 205824K, used 11835K [0x00000000e0000000, 0x00000000ef880000, 0x0000000100000000)
  eden space 193536K, 0% used [0x00000000e0000000,0x00000000e0000000,0x00000000ebd00000)
  from space 12288K, 96% used [0x00000000eec80000,0x00000000ef80ec68,0x00000000ef880000)
  to   space 19968K, 0% used [0x00000000ed180000,0x00000000ed180000,0x00000000ee500000)
 ParOldGen       total 215040K, used 32308K [0x00000000a0000000, 0x00000000ad200000, 0x00000000e0000000)
  object space 215040K, 15% used [0x00000000a0000000,0x00000000a1f8d328,0x00000000ad200000)
 Metaspace       used 63486K, capacity 65312K, committed 65536K, reserved 1105920K
  class space    used 8467K, capacity 8929K, committed 8960K, reserved 1048576K
}
Event: 1822.674 GC heap before
{Heap before GC invocations=14 (full 3):
 PSYoungGen      total 205824K, used 205371K [0x00000000e0000000, 0x00000000ef880000, 0x0000000100000000)
  eden space 193536K, 100% used [0x00000000e0000000,0x00000000ebd00000,0x00000000ebd00000)
  from space 12288K, 96% used [0x00000000eec80000,0x00000000ef80ec68,0x00000000ef880000)
  to   space 19968K, 0% used [0x00000000ed180000,0x00000000ed180000,0x00000000ee500000)
 ParOldGen       total 215040K, used 32308K [0x00000000a0000000, 0x00000000ad200000, 0x00000000e0000000)
  object space 215040K, 15% used [0x00000000a0000000,0x00000000a1f8d328,0x00000000ad200000)
 Metaspace       used 65003K, capacity 67210K, committed 67456K, reserved 1107968K
  class space    used 8538K, capacity 9072K, committed 9088K, reserved 1048576K
Event: 1822.695 GC heap after
Heap after GC invocations=14 (full 3):
 PSYoungGen      total 199168K, used 9816K [0x00000000e0000000, 0x00000000eed00000, 0x0000000100000000)
  eden space 188928K, 0% used [0x00000000e0000000,0x00000000e0000000,0x00000000eb880000)
  from space 10240K, 95% used [0x00000000ed180000,0x00000000edb16050,0x00000000edb80000)
  to   space 17920K, 0% used [0x00000000edb80000,0x00000000edb80000,0x00000000eed00000)
 ParOldGen       total 215040K, used 32316K [0x00000000a0000000, 0x00000000ad200000, 0x00000000e0000000)
  object space 215040K, 15% used [0x00000000a0000000,0x00000000a1f8f328,0x00000000ad200000)
 Metaspace       used 65003K, capacity 67210K, committed 67456K, reserved 1107968K
  class space    used 8538K, capacity 9072K, committed 9088K, reserved 1048576K
}
Event: 1850.192 GC heap before
{Heap before GC invocations=15 (full 3):
 PSYoungGen      total 199168K, used 198744K [0x00000000e0000000, 0x00000000eed00000, 0x0000000100000000)
  eden space 188928K, 100% used [0x00000000e0000000,0x00000000eb880000,0x00000000eb880000)
  from space 10240K, 95% used [0x00000000ed180000,0x00000000edb16050,0x00000000edb80000)
  to   space 17920K, 0% used [0x00000000edb80000,0x00000000edb80000,0x00000000eed00000)
 ParOldGen       total 215040K, used 32316K [0x00000000a0000000, 0x00000000ad200000, 0x00000000e0000000)
  object space 215040K, 15% used [0x00000000a0000000,0x00000000a1f8f328,0x00000000ad200000)
 Metaspace       used 73308K, capacity 75982K, committed 76288K, reserved 1116160K
  class space    used 9551K, capacity 10178K, committed 10240K, reserved 1048576K
Event: 1850.210 GC heap after
Heap after GC invocations=15 (full 3):
 PSYoungGen      total 202240K, used 17863K [0x00000000e0000000, 0x00000000eed00000, 0x0000000100000000)
  eden space 184320K, 0% used [0x00000000e0000000,0x00000000e0000000,0x00000000eb400000)
  from space 17920K, 99% used [0x00000000edb80000,0x00000000eecf1e90,0x00000000eed00000)
  to   space 20992K, 0% used [0x00000000ec400000,0x00000000ec400000,0x00000000ed880000)
 ParOldGen       total 215040K, used 32324K [0x00000000a0000000, 0x00000000ad200000, 0x00000000e0000000)
  object space 215040K, 15% used [0x00000000a0000000,0x00000000a1f91328,0x00000000ad200000)
 Metaspace       used 73308K, capacity 75982K, committed 76288K, reserved 1116160K
  class space    used 9551K, capacity 10178K, committed 10240K, reserved 1048576K
}
Event: 1858.694 GC heap before
{Heap before GC invocations=16 (full 3):
 PSYoungGen      total 202240K, used 202183K [0x00000000e0000000, 0x00000000eed00000, 0x0000000100000000)
  eden space 184320K, 100% used [0x00000000e0000000,0x00000000eb400000,0x00000000eb400000)
  from space 17920K, 99% used [0x00000000edb80000,0x00000000eecf1e90,0x00000000eed00000)
  to   space 20992K, 0% used [0x00000000ec400000,0x00000000ec400000,0x00000000ed880000)
 ParOldGen       total 215040K, used 32324K [0x00000000a0000000, 0x00000000ad200000, 0x00000000e0000000)
  object space 215040K, 15% used [0x00000000a0000000,0x00000000a1f91328,0x00000000ad200000)
 Metaspace       used 75801K, capacity 78484K, committed 78848K, reserved 1118208K
  class space    used 9795K, capacity 10423K, committed 10496K, reserved 1048576K
Event: 1858.723 GC heap after
Heap after GC invocations=16 (full 3):
 PSYoungGen      total 198656K, used 18651K [0x00000000e0000000, 0x00000000edc00000, 0x0000000100000000)
  eden space 179712K, 0% used [0x00000000e0000000,0x00000000e0000000,0x00000000eaf80000)
  from space 18944K, 98% used [0x00000000ec400000,0x00000000ed636f10,0x00000000ed680000)
  to   space 5632K, 0% used [0x00000000ed680000,0x00000000ed680000,0x00000000edc00000)
 ParOldGen       total 215040K, used 32332K [0x00000000a0000000, 0x00000000ad200000, 0x00000000e0000000)
  object space 215040K, 15% used [0x00000000a0000000,0x00000000a1f93328,0x00000000ad200000)
 Metaspace       used 75801K, capacity 78484K, committed 78848K, reserved 1118208K
  class space    used 9795K, capacity 10423K, committed 10496K, reserved 1048576K
}
Event: 1865.031 GC heap before
{Heap before GC invocations=17 (full 3):
 PSYoungGen      total 198656K, used 198363K [0x00000000e0000000, 0x00000000edc00000, 0x0000000100000000)
  eden space 179712K, 100% used [0x00000000e0000000,0x00000000eaf80000,0x00000000eaf80000)
  from space 18944K, 98% used [0x00000000ec400000,0x00000000ed636f10,0x00000000ed680000)
  to   space 5632K, 0% used [0x00000000ed680000,0x00000000ed680000,0x00000000edc00000)
 ParOldGen       total 215040K, used 32332K [0x00000000a0000000, 0x00000000ad200000, 0x00000000e0000000)
  object space 215040K, 15% used [0x00000000a0000000,0x00000000a1f93328,0x00000000ad200000)
 Metaspace       used 89650K, capacity 92628K, committed 92800K, reserved 1130496K
  class space    used 11443K, capacity 12125K, committed 12160K, reserved 1048576K
Event: 1865.065 GC heap after
Heap after GC invocations=17 (full 3):
 PSYoungGen      total 181248K, used 5616K [0x00000000e0000000, 0x00000000ee280000, 0x0000000100000000)
  eden space 175616K, 0% used [0x00000000e0000000,0x00000000e0000000,0x00000000eab80000)
  from space 5632K, 99% used [0x00000000ed680000,0x00000000edbfc010,0x00000000edc00000)
  to   space 28160K, 0% used [0x00000000eab80000,0x00000000eab80000,0x00000000ec700000)
 ParOldGen       total 215040K, used 57583K [0x00000000a0000000, 0x00000000ad200000, 0x00000000e0000000)
  object space 215040K, 26% used [0x00000000a0000000,0x00000000a383be28,0x00000000ad200000)
 Metaspace       used 89650K, capacity 92628K, committed 92800K, reserved 1130496K
  class space    used 11443K, capacity 12125K, committed 12160K, reserved 1048576K
}

Deoptimization events (10 events):
Event: 1864.847 Thread 0x000000001dd64800 Uncommon trap: reason=unstable_if action=reinterpret pc=0x0000000005c0b7d0 method=java.util.concurrent.ConcurrentHashMap.putVal(Ljava/lang/Object;Ljava/lang/Object;Z)Ljava/lang/Object; @ 98
Event: 1864.853 Thread 0x000000001dd64800 Uncommon trap: reason=unstable_if action=reinterpret pc=0x000000000471faec method=sun.nio.fs.WindowsPathParser.isSlash(C)Z @ 9
Event: 1864.853 Thread 0x000000001dd64800 Uncommon trap: reason=unstable_if action=reinterpret pc=0x0000000004a6053c method=java.nio.file.FileTreeWalker.getAttributes(Ljava/nio/file/Path;Z)Ljava/nio/file/attribute/BasicFileAttributes; @ 35
Event: 1864.889 Thread 0x000000001cb1e800 Uncommon trap: reason=unstable_if action=reinterpret pc=0x0000000005d5f6fc method=com.android.tools.r8.ir.regalloc.LiveIntervals.getSplitCovering(I)Lcom/android/tools/r8/ir/regalloc/LiveIntervals; @ 143
Event: 1864.919 Thread 0x000000001cb1e800 Uncommon trap: reason=unstable_if action=reinterpret pc=0x0000000005ce9df0 method=com.android.tools.r8.it.unimi.dsi.fastutil.ints.Int2ReferenceOpenHashMap.insert(ILjava/lang/Object;)I @ 85
Event: 1864.951 Thread 0x000000001cb1e800 Uncommon trap: reason=unstable_if action=reinterpret pc=0x0000000005da2c5c method=com.android.tools.r8.ir.conversion.JarState$Slot.isIntCompatible(I)Z @ 7
Event: 1865.016 Thread 0x000000001cb1e800 Uncommon trap: reason=unstable_if action=reinterpret pc=0x0000000005dafd9c method=com.android.tools.r8.ir.code.ValueType.isWide()Z @ 4
Event: 1865.024 Thread 0x000000001cb1e800 Uncommon trap: reason=unstable_if action=reinterpret pc=0x0000000005d60f18 method=com.android.tools.r8.ir.code.ValueType.isWide()Z @ 4
Event: 1865.246 Thread 0x000000001cb1e800 Uncommon trap: reason=predicate action=maybe_recompile pc=0x0000000005e51a5c method=com.android.tools.r8.ir.code.Phi.removeTrivialPhi()V @ 276
Event: 1865.257 Thread 0x000000001cb1e800 Uncommon trap: reason=unstable_if action=reinterpret pc=0x0000000005d5ec20 method=com.android.tools.r8.ir.code.ValueType.isWide()Z @ 4

Classes redefined (0 events):
No events

Internal exceptions (10 events):
Event: 1854.487 Thread 0x000000001cb1e800 Implicit null exception at 0x000000000544a7c3 to 0x000000000544adad
Event: 1855.116 Thread 0x000000001cb1e800 Implicit null exception at 0x000000000534ce15 to 0x000000000534d557
Event: 1855.447 Thread 0x000000001cb1e800 Implicit null exception at 0x0000000005546097 to 0x00000000055463cd
Event: 1856.202 Thread 0x000000001cb1e800 Implicit null exception at 0x00000000055af162 to 0x00000000055acb39
Event: 1859.632 Thread 0x000000001cb1e800 Exception <a 'java/lang/NoSuchMethodError': java.lang.Object.lambda$comparingInt$7b0bb60$1(Ljava/util/function/ToIntFunction;Ljava/lang/Object;Ljava/lang/Object;)I> (0x00000000e00e56d0) thrown at [D:\src\AOSP-openjdk-cygwin\jdk8u\hotspot\src\share\vm\inte
Event: 1863.597 Thread 0x000000001cb1e800 Exception <a 'java/lang/NoSuchMethodError': java.lang.Object.lambda$static$0(Ljava/lang/String;)Z> (0x00000000e6cc7558) thrown at [D:\src\AOSP-openjdk-cygwin\jdk8u\hotspot\src\share\vm\interpreter\linkResolver.cpp, line 584]
Event: 1863.599 Thread 0x000000001cb1e800 Exception <a 'java/lang/NoSuchMethodError': java.lang.Object.lambda$and$0(Ljava/util/function/Predicate;Ljava/lang/Object;)Z> (0x00000000e6ccd650) thrown at [D:\src\AOSP-openjdk-cygwin\jdk8u\hotspot\src\share\vm\interpreter\linkResolver.cpp, line 584]
Event: 1863.695 Thread 0x000000001cb1e800 Exception <a 'sun/nio/fs/WindowsException'> (0x00000000e7266420) thrown at [D:\src\AOSP-openjdk-cygwin\jdk8u\hotspot\src\share\vm\prims\jni.cpp, line 709]
Event: 1864.994 Thread 0x000000001dd64800 Exception <a 'sun/nio/fs/WindowsException'> (0x00000000eae71208) thrown at [D:\src\AOSP-openjdk-cygwin\jdk8u\hotspot\src\share\vm\prims\jni.cpp, line 709]
Event: 1865.170 Thread 0x000000001dd60800 Exception <a 'sun/nio/fs/WindowsException'> (0x00000000e06b63b8) thrown at [D:\src\AOSP-openjdk-cygwin\jdk8u\hotspot\src\share\vm\prims\jni.cpp, line 709]

Events (10 events):
Event: 1865.267 loading class com/android/tools/r8/com/google/gson/internal/LinkedTreeMap$LinkedTreeMapIterator
Event: 1865.267 loading class com/android/tools/r8/com/google/gson/internal/LinkedTreeMap$LinkedTreeMapIterator done
Event: 1865.268 loading class com/android/tools/r8/dex/ApplicationWriter
Event: 1865.268 loading class com/android/tools/r8/dex/ApplicationWriter done
Event: 1865.357 loading class com/android/tools/r8/dex/MixedSectionCollection
Event: 1865.357 loading class com/android/tools/r8/dex/MixedSectionCollection done
Event: 1865.357 loading class com/android/tools/r8/dex/ApplicationWriter$SortAnnotations
Event: 1865.357 loading class com/android/tools/r8/dex/ApplicationWriter$SortAnnotations done
Event: 1865.358 loading class com/android/tools/r8/dex/VirtualFile$Distributor
Event: 1865.358 loading class com/android/tools/r8/dex/VirtualFile$Distributor done


Dynamic libraries:
0x00007ff7daf10000 - 0x00007ff7daf41000 	D:\Program Files\android-studio-ide-181.4763614-windows\android-studio\jre\bin\java.exe
0x00007ffb22c00000 - 0x00007ffb22def000 	C:\WINDOWS\SYSTEM32\ntdll.dll
0x00007ffb21210000 - 0x00007ffb212c2000 	C:\WINDOWS\System32\KERNEL32.DLL
0x00007ffb207b0000 - 0x00007ffb20a4d000 	C:\WINDOWS\System32\KERNELBASE.dll
0x00007ffb1db90000 - 0x00007ffb1dc1b000 	C:\WINDOWS\SYSTEM32\apphelp.dll
0x00007ffb22010000 - 0x00007ffb220b2000 	C:\WINDOWS\System32\ADVAPI32.dll
0x00007ffb223e0000 - 0x00007ffb2247e000 	C:\WINDOWS\System32\msvcrt.dll
0x00007ffb21170000 - 0x00007ffb21207000 	C:\WINDOWS\System32\sechost.dll
0x00007ffb22900000 - 0x00007ffb22a1f000 	C:\WINDOWS\System32\RPCRT4.dll
0x00007ffb22240000 - 0x00007ffb223d8000 	C:\WINDOWS\System32\USER32.dll
0x00007ffb1fc10000 - 0x00007ffb1fc31000 	C:\WINDOWS\System32\win32u.dll
0x00007ffb212d0000 - 0x00007ffb212f7000 	C:\WINDOWS\System32\GDI32.dll
0x00007ffb20420000 - 0x00007ffb205b1000 	C:\WINDOWS\System32\gdi32full.dll
0x00007ffb20710000 - 0x00007ffb207ae000 	C:\WINDOWS\System32\msvcp_win.dll
0x00007ffb20b20000 - 0x00007ffb20c1a000 	C:\WINDOWS\System32\ucrtbase.dll
0x00007ffb13a10000 - 0x00007ffb13c88000 	C:\WINDOWS\WinSxS\amd64_microsoft.windows.common-controls_6595b64144ccf1df_6.0.18305.1003_none_a0ece6912dd6b24b\COMCTL32.dll
0x00007ffb21560000 - 0x00007ffb21898000 	C:\WINDOWS\System32\combase.dll
0x00007ffb20a80000 - 0x00007ffb20afe000 	C:\WINDOWS\System32\bcryptPrimitives.dll
0x00007ffb21390000 - 0x00007ffb213be000 	C:\WINDOWS\System32\IMM32.DLL
0x0000000052f30000 - 0x0000000053002000 	D:\Program Files\android-studio-ide-181.4763614-windows\android-studio\jre\jre\bin\msvcr100.dll
0x0000000052350000 - 0x0000000052b91000 	D:\Program Files\android-studio-ide-181.4763614-windows\android-studio\jre\jre\bin\server\jvm.dll
0x00007ffb22bc0000 - 0x00007ffb22bc8000 	C:\WINDOWS\System32\PSAPI.DLL
0x00007ffb1d960000 - 0x00007ffb1d984000 	C:\WINDOWS\SYSTEM32\WINMM.dll
0x00007ffb17c80000 - 0x00007ffb17c8a000 	C:\WINDOWS\SYSTEM32\VERSION.dll
0x00007ffb1d930000 - 0x00007ffb1d95d000 	C:\WINDOWS\SYSTEM32\winmmbase.dll
0x00007ffb1fbc0000 - 0x00007ffb1fc0b000 	C:\WINDOWS\System32\cfgmgr32.dll
0x00007ffb13a00000 - 0x00007ffb13a09000 	C:\WINDOWS\SYSTEM32\WSOCK32.dll
0x00007ffb21420000 - 0x00007ffb2148f000 	C:\WINDOWS\System32\WS2_32.dll
0x00007ffb1e710000 - 0x00007ffb1e71f000 	D:\Program Files\android-studio-ide-181.4763614-windows\android-studio\jre\jre\bin\verify.dll
0x00007ffb15180000 - 0x00007ffb151a9000 	D:\Program Files\android-studio-ide-181.4763614-windows\android-studio\jre\jre\bin\java.dll
0x00007ffb18850000 - 0x00007ffb18866000 	D:\Program Files\android-studio-ide-181.4763614-windows\android-studio\jre\jre\bin\zip.dll
0x00007ffb218d0000 - 0x00007ffb21fad000 	C:\WINDOWS\System32\SHELL32.dll
0x00007ffb22190000 - 0x00007ffb22239000 	C:\WINDOWS\System32\shcore.dll
0x00007ffb1fc40000 - 0x00007ffb203ba000 	C:\WINDOWS\System32\windows.storage.dll
0x00007ffb1fb90000 - 0x00007ffb1fbb4000 	C:\WINDOWS\System32\profapi.dll
0x00007ffb1fb20000 - 0x00007ffb1fb6a000 	C:\WINDOWS\System32\powrprof.dll
0x00007ffb1faf0000 - 0x00007ffb1fb00000 	C:\WINDOWS\System32\UMPDC.dll
0x00007ffb22a20000 - 0x00007ffb22a72000 	C:\WINDOWS\System32\shlwapi.dll
0x00007ffb1fb70000 - 0x00007ffb1fb81000 	C:\WINDOWS\System32\kernel.appcore.dll
0x00007ffb20b00000 - 0x00007ffb20b17000 	C:\WINDOWS\System32\cryptsp.dll
0x00007ffb15a60000 - 0x00007ffb15a7a000 	D:\Program Files\android-studio-ide-181.4763614-windows\android-studio\jre\jre\bin\net.dll
0x00007ffb1f2b0000 - 0x00007ffb1f317000 	C:\WINDOWS\system32\mswsock.dll
0x00007ffb15160000 - 0x00007ffb15171000 	D:\Program Files\android-studio-ide-181.4763614-windows\android-studio\jre\jre\bin\nio.dll
0x00007ffb117c0000 - 0x00007ffb117de000 	C:\Users\zhaodsh\.gradle\native\25\windows-amd64\native-platform.dll
0x00007ffb179e0000 - 0x00007ffb179ed000 	D:\Program Files\android-studio-ide-181.4763614-windows\android-studio\jre\jre\bin\management.dll
0x00007ffb1ee80000 - 0x00007ffb1eeb3000 	C:\WINDOWS\system32\rsaenh.dll
0x00007ffb20a50000 - 0x00007ffb20a76000 	C:\WINDOWS\System32\bcrypt.dll
0x00007ffb1f9e0000 - 0x00007ffb1fa06000 	C:\WINDOWS\SYSTEM32\USERENV.dll
0x00007ffb1f430000 - 0x00007ffb1f43c000 	C:\WINDOWS\SYSTEM32\CRYPTBASE.dll
0x00007ffb1f020000 - 0x00007ffb1f05a000 	C:\WINDOWS\SYSTEM32\IPHLPAPI.DLL
0x00007ffb21300000 - 0x00007ffb21308000 	C:\WINDOWS\System32\NSI.dll
0x00007ffb17160000 - 0x00007ffb17176000 	C:\WINDOWS\SYSTEM32\dhcpcsvc6.DLL
0x00007ffb17140000 - 0x00007ffb1715c000 	C:\WINDOWS\SYSTEM32\dhcpcsvc.DLL
0x00007ffb1f060000 - 0x00007ffb1f125000 	C:\WINDOWS\SYSTEM32\DNSAPI.dll
0x00007ffb15030000 - 0x00007ffb15054000 	D:\Program Files\android-studio-ide-181.4763614-windows\android-studio\jre\jre\bin\sunec.dll
0x00007ffb14df0000 - 0x00007ffb14dfa000 	C:\Windows\System32\rasadhlp.dll
0x00007ffb16d60000 - 0x00007ffb16dd7000 	C:\WINDOWS\System32\fwpuclnt.dll
0x00007ffb15020000 - 0x00007ffb1502b000 	D:\Program Files\android-studio-ide-181.4763614-windows\android-studio\jre\jre\bin\sunmscapi.dll
0x00007ffb205c0000 - 0x00007ffb20709000 	C:\WINDOWS\System32\CRYPT32.dll
0x00007ffb1fb00000 - 0x00007ffb1fb12000 	C:\WINDOWS\System32\MSASN1.dll

VM Arguments:
jvm_args: -Xmx1536m -Dfile.encoding=GBK -Duser.country=CN -Duser.language=zh -Duser.variant 
java_command: org.gradle.launcher.daemon.bootstrap.GradleDaemon 4.10.1
java_class_path (initial): C:\Users\zhaodsh\.gradle\wrapper\dists\gradle-4.10.1-all\455itskqi2qtf0v2sja68alqd\gradle-4.10.1\lib\gradle-launcher-4.10.1.jar
Launcher Type: SUN_STANDARD

Environment Variables:
JAVA_HOME=C:\Program Files\Java\jdk1.8.0_171
PATH=C:\Python27;C:\Python3\Scripts\;C:\Python3\;C:\Program Files (x86)\Common Files\Oracle\Java\javapath;C:\WINDOWS\system32;C:\WINDOWS;C:\WINDOWS\System32\Wbem;C:\WINDOWS\System32\WindowsPowerShell\v1.0\;C:\Program Files\Git\cmd;C:\WINDOWS\System32\OpenSSH\;D:\Program Files (x86)\gradle-4.8\bin;C:\Program Files\dotnet\;J:\Program Files (x86)\nodejs\;C:\Program Files\Java\jdk1.8.0_171\;C:\Program Files\Java\jdk1.8.0_171\bin\;J:\AndroidSDK\Sdk\platform-tools;C:\Program Files\TortoiseGit\bin;C:\Program Files\PuTTY\;C:\Python27\Scripts;J:\Program Files (x86)\ue;J:\Windows Kits\10\Windows Performance Toolkit\;C:\Program Files\Microsoft SQL Server\110\Tools\Binn\;C:\Program Files (x86)\Windows Kits\8.1\Windows Performance Toolkit\;D:\flutter_windows_v1.0.0-stable\flutter\bin;C:\Users\zhaodsh\Miniconda3;C:\Users\zhaodsh\Miniconda3\Library\mingw-w64\bin;C:\Users\zhaodsh\Miniconda3\Library\usr\bin;C:\Users\zhaodsh\Miniconda3\Library\bin;C:\Users\zhaodsh\Miniconda3\Scripts;C:\Python27;C:\Users\zhaodsh\AppData\Local\Microsoft\WindowsApps;C:\Users\zhaodsh\AppData\Local\Programs\Fiddler;C:\Users\zhaodsh\AppData\Roaming\npm;J:\Program Files (x86)\Microsoft VS Code\bin;%USERPROFILE%\AppData\Local\Microsoft\WindowsApps;;C:\Users\zhaodsh\AppData\Local\hyper\app-2.0.0\resources\bin
USERNAME=zhaodsh
OS=Windows_NT
PROCESSOR_IDENTIFIER=Intel64 Family 6 Model 58 Stepping 9, GenuineIntel



---------------  S Y S T E M  ---------------

OS: Windows 10.0 , 64 bit Build 18305 (10.0.18305.1000)

CPU:total 4 (initial active 4) (4 cores per cpu, 1 threads per core) family 6 model 58 stepping 9, cmov, cx8, fxsr, mmx, sse, sse2, sse3, ssse3, sse4.1, sse4.2, popcnt, avx, aes, clmul, erms, tsc, tscinvbit, tscinv

Memory: 4k page, physical 16648204k(5610244k free), swap 21751540k(5784k free)

vm_info: OpenJDK 64-Bit Server VM (25.152-b01) for windows-amd64 JRE (1.8.0_152-release-1248-b01), built by "builder" with MS VC++ 10.0 (VS2010)

time: Tue Jan 15 20:19:44 2019
elapsed time: 1865 seconds (0d 0h 31m 5s)

